<?xml version="1.0" encoding="UTF-8"?>
<testsuite xmlns:xsi="http://www.w3.org/2001/XMLSchema-instance" xsi:noNamespaceSchemaLocation="https://maven.apache.org/surefire/maven-surefire-plugin/xsd/surefire-test-report.xsd" name="TestSuite" time="3.307" tests="30" errors="0" skipped="0" failures="0">
  <properties>
    <property name="gopherProxySet" value="false"/>
    <property name="awt.toolkit" value="sun.lwawt.macosx.LWCToolkit"/>
    <property name="java.specification.version" value="11"/>
    <property name="sun.cpu.isalist" value=""/>
    <property name="sun.jnu.encoding" value="UTF-8"/>
    <property name="java.class.path" value="/Users/k0j09cl/Desktop/CommentSystem/target/test-classes:/Users/k0j09cl/Desktop/CommentSystem/target/classes:/Users/k0j09cl/.m2/repository/org/springframework/boot/spring-boot-starter-web/2.7.0/spring-boot-starter-web-2.7.0.jar:/Users/k0j09cl/.m2/repository/org/springframework/boot/spring-boot-starter/2.7.0/spring-boot-starter-2.7.0.jar:/Users/k0j09cl/.m2/repository/org/springframework/boot/spring-boot-starter-logging/2.7.0/spring-boot-starter-logging-2.7.0.jar:/Users/k0j09cl/.m2/repository/ch/qos/logback/logback-classic/1.2.11/logback-classic-1.2.11.jar:/Users/k0j09cl/.m2/repository/ch/qos/logback/logback-core/1.2.11/logback-core-1.2.11.jar:/Users/k0j09cl/.m2/repository/org/apache/logging/log4j/log4j-to-slf4j/2.17.2/log4j-to-slf4j-2.17.2.jar:/Users/k0j09cl/.m2/repository/org/apache/logging/log4j/log4j-api/2.17.2/log4j-api-2.17.2.jar:/Users/k0j09cl/.m2/repository/org/slf4j/jul-to-slf4j/1.7.36/jul-to-slf4j-1.7.36.jar:/Users/k0j09cl/.m2/repository/jakarta/annotation/jakarta.annotation-api/1.3.5/jakarta.annotation-api-1.3.5.jar:/Users/k0j09cl/.m2/repository/org/yaml/snakeyaml/1.30/snakeyaml-1.30.jar:/Users/k0j09cl/.m2/repository/org/springframework/boot/spring-boot-starter-json/2.7.0/spring-boot-starter-json-2.7.0.jar:/Users/k0j09cl/.m2/repository/com/fasterxml/jackson/core/jackson-databind/2.13.3/jackson-databind-2.13.3.jar:/Users/k0j09cl/.m2/repository/com/fasterxml/jackson/core/jackson-annotations/2.13.3/jackson-annotations-2.13.3.jar:/Users/k0j09cl/.m2/repository/com/fasterxml/jackson/core/jackson-core/2.13.3/jackson-core-2.13.3.jar:/Users/k0j09cl/.m2/repository/com/fasterxml/jackson/datatype/jackson-datatype-jdk8/2.13.3/jackson-datatype-jdk8-2.13.3.jar:/Users/k0j09cl/.m2/repository/com/fasterxml/jackson/datatype/jackson-datatype-jsr310/2.13.3/jackson-datatype-jsr310-2.13.3.jar:/Users/k0j09cl/.m2/repository/com/fasterxml/jackson/module/jackson-module-parameter-names/2.13.3/jackson-module-parameter-names-2.13.3.jar:/Users/k0j09cl/.m2/repository/org/springframework/boot/spring-boot-starter-tomcat/2.7.0/spring-boot-starter-tomcat-2.7.0.jar:/Users/k0j09cl/.m2/repository/org/apache/tomcat/embed/tomcat-embed-core/9.0.63/tomcat-embed-core-9.0.63.jar:/Users/k0j09cl/.m2/repository/org/apache/tomcat/embed/tomcat-embed-el/9.0.63/tomcat-embed-el-9.0.63.jar:/Users/k0j09cl/.m2/repository/org/apache/tomcat/embed/tomcat-embed-websocket/9.0.63/tomcat-embed-websocket-9.0.63.jar:/Users/k0j09cl/.m2/repository/org/springframework/spring-web/5.3.20/spring-web-5.3.20.jar:/Users/k0j09cl/.m2/repository/org/springframework/spring-beans/5.3.20/spring-beans-5.3.20.jar:/Users/k0j09cl/.m2/repository/org/springframework/spring-webmvc/5.3.20/spring-webmvc-5.3.20.jar:/Users/k0j09cl/.m2/repository/org/springframework/spring-aop/5.3.20/spring-aop-5.3.20.jar:/Users/k0j09cl/.m2/repository/org/springframework/spring-context/5.3.20/spring-context-5.3.20.jar:/Users/k0j09cl/.m2/repository/org/springframework/spring-expression/5.3.20/spring-expression-5.3.20.jar:/Users/k0j09cl/.m2/repository/org/springframework/boot/spring-boot-starter-data-mongodb/2.7.0/spring-boot-starter-data-mongodb-2.7.0.jar:/Users/k0j09cl/.m2/repository/org/mongodb/mongodb-driver-sync/4.6.0/mongodb-driver-sync-4.6.0.jar:/Users/k0j09cl/.m2/repository/org/mongodb/bson/4.6.0/bson-4.6.0.jar:/Users/k0j09cl/.m2/repository/org/mongodb/mongodb-driver-core/4.6.0/mongodb-driver-core-4.6.0.jar:/Users/k0j09cl/.m2/repository/org/mongodb/bson-record-codec/4.6.0/bson-record-codec-4.6.0.jar:/Users/k0j09cl/.m2/repository/org/springframework/data/spring-data-mongodb/3.4.0/spring-data-mongodb-3.4.0.jar:/Users/k0j09cl/.m2/repository/org/springframework/spring-tx/5.3.20/spring-tx-5.3.20.jar:/Users/k0j09cl/.m2/repository/org/springframework/data/spring-data-commons/2.7.0/spring-data-commons-2.7.0.jar:/Users/k0j09cl/.m2/repository/org/springframework/boot/spring-boot-starter-data-jpa/2.7.0/spring-boot-starter-data-jpa-2.7.0.jar:/Users/k0j09cl/.m2/repository/org/springframework/boot/spring-boot-starter-aop/2.7.0/spring-boot-starter-aop-2.7.0.jar:/Users/k0j09cl/.m2/repository/org/aspectj/aspectjweaver/1.9.7/aspectjweaver-1.9.7.jar:/Users/k0j09cl/.m2/repository/org/springframework/boot/spring-boot-starter-jdbc/2.7.0/spring-boot-starter-jdbc-2.7.0.jar:/Users/k0j09cl/.m2/repository/com/zaxxer/HikariCP/4.0.3/HikariCP-4.0.3.jar:/Users/k0j09cl/.m2/repository/org/springframework/spring-jdbc/5.3.20/spring-jdbc-5.3.20.jar:/Users/k0j09cl/.m2/repository/jakarta/transaction/jakarta.transaction-api/1.3.3/jakarta.transaction-api-1.3.3.jar:/Users/k0j09cl/.m2/repository/jakarta/persistence/jakarta.persistence-api/2.2.3/jakarta.persistence-api-2.2.3.jar:/Users/k0j09cl/.m2/repository/org/hibernate/hibernate-core/5.6.9.Final/hibernate-core-5.6.9.Final.jar:/Users/k0j09cl/.m2/repository/org/jboss/logging/jboss-logging/3.4.3.Final/jboss-logging-3.4.3.Final.jar:/Users/k0j09cl/.m2/repository/net/bytebuddy/byte-buddy/1.12.10/byte-buddy-1.12.10.jar:/Users/k0j09cl/.m2/repository/antlr/antlr/2.7.7/antlr-2.7.7.jar:/Users/k0j09cl/.m2/repository/org/jboss/jandex/2.4.2.Final/jandex-2.4.2.Final.jar:/Users/k0j09cl/.m2/repository/com/fasterxml/classmate/1.5.1/classmate-1.5.1.jar:/Users/k0j09cl/.m2/repository/org/hibernate/common/hibernate-commons-annotations/5.1.2.Final/hibernate-commons-annotations-5.1.2.Final.jar:/Users/k0j09cl/.m2/repository/org/glassfish/jaxb/jaxb-runtime/2.3.6/jaxb-runtime-2.3.6.jar:/Users/k0j09cl/.m2/repository/org/glassfish/jaxb/txw2/2.3.6/txw2-2.3.6.jar:/Users/k0j09cl/.m2/repository/com/sun/istack/istack-commons-runtime/3.0.12/istack-commons-runtime-3.0.12.jar:/Users/k0j09cl/.m2/repository/com/sun/activation/jakarta.activation/1.2.2/jakarta.activation-1.2.2.jar:/Users/k0j09cl/.m2/repository/org/springframework/data/spring-data-jpa/2.7.0/spring-data-jpa-2.7.0.jar:/Users/k0j09cl/.m2/repository/org/springframework/spring-orm/5.3.20/spring-orm-5.3.20.jar:/Users/k0j09cl/.m2/repository/org/springframework/spring-aspects/5.3.20/spring-aspects-5.3.20.jar:/Users/k0j09cl/.m2/repository/org/projectlombok/lombok/1.18.4/lombok-1.18.4.jar:/Users/k0j09cl/.m2/repository/org/springframework/boot/spring-boot-devtools/2.7.0/spring-boot-devtools-2.7.0.jar:/Users/k0j09cl/.m2/repository/org/springframework/boot/spring-boot/2.7.0/spring-boot-2.7.0.jar:/Users/k0j09cl/.m2/repository/org/springframework/boot/spring-boot-autoconfigure/2.7.0/spring-boot-autoconfigure-2.7.0.jar:/Users/k0j09cl/.m2/repository/org/springframework/boot/spring-boot-starter-test/2.7.0/spring-boot-starter-test-2.7.0.jar:/Users/k0j09cl/.m2/repository/org/springframework/boot/spring-boot-test/2.7.0/spring-boot-test-2.7.0.jar:/Users/k0j09cl/.m2/repository/org/springframework/boot/spring-boot-test-autoconfigure/2.7.0/spring-boot-test-autoconfigure-2.7.0.jar:/Users/k0j09cl/.m2/repository/com/jayway/jsonpath/json-path/2.7.0/json-path-2.7.0.jar:/Users/k0j09cl/.m2/repository/net/minidev/json-smart/2.4.8/json-smart-2.4.8.jar:/Users/k0j09cl/.m2/repository/net/minidev/accessors-smart/2.4.8/accessors-smart-2.4.8.jar:/Users/k0j09cl/.m2/repository/org/ow2/asm/asm/9.1/asm-9.1.jar:/Users/k0j09cl/.m2/repository/jakarta/xml/bind/jakarta.xml.bind-api/2.3.3/jakarta.xml.bind-api-2.3.3.jar:/Users/k0j09cl/.m2/repository/jakarta/activation/jakarta.activation-api/1.2.2/jakarta.activation-api-1.2.2.jar:/Users/k0j09cl/.m2/repository/org/assertj/assertj-core/3.22.0/assertj-core-3.22.0.jar:/Users/k0j09cl/.m2/repository/org/hamcrest/hamcrest/2.2/hamcrest-2.2.jar:/Users/k0j09cl/.m2/repository/org/junit/jupiter/junit-jupiter/5.8.2/junit-jupiter-5.8.2.jar:/Users/k0j09cl/.m2/repository/org/junit/jupiter/junit-jupiter-api/5.8.2/junit-jupiter-api-5.8.2.jar:/Users/k0j09cl/.m2/repository/org/opentest4j/opentest4j/1.2.0/opentest4j-1.2.0.jar:/Users/k0j09cl/.m2/repository/org/junit/platform/junit-platform-commons/1.8.2/junit-platform-commons-1.8.2.jar:/Users/k0j09cl/.m2/repository/org/apiguardian/apiguardian-api/1.1.2/apiguardian-api-1.1.2.jar:/Users/k0j09cl/.m2/repository/org/junit/jupiter/junit-jupiter-params/5.8.2/junit-jupiter-params-5.8.2.jar:/Users/k0j09cl/.m2/repository/org/junit/jupiter/junit-jupiter-engine/5.8.2/junit-jupiter-engine-5.8.2.jar:/Users/k0j09cl/.m2/repository/org/junit/platform/junit-platform-engine/1.8.2/junit-platform-engine-1.8.2.jar:/Users/k0j09cl/.m2/repository/org/mockito/mockito-core/4.5.1/mockito-core-4.5.1.jar:/Users/k0j09cl/.m2/repository/net/bytebuddy/byte-buddy-agent/1.12.10/byte-buddy-agent-1.12.10.jar:/Users/k0j09cl/.m2/repository/org/objenesis/objenesis/3.2/objenesis-3.2.jar:/Users/k0j09cl/.m2/repository/org/mockito/mockito-junit-jupiter/4.5.1/mockito-junit-jupiter-4.5.1.jar:/Users/k0j09cl/.m2/repository/org/skyscreamer/jsonassert/1.5.0/jsonassert-1.5.0.jar:/Users/k0j09cl/.m2/repository/com/vaadin/external/google/android-json/0.0.20131108.vaadin1/android-json-0.0.20131108.vaadin1.jar:/Users/k0j09cl/.m2/repository/org/springframework/spring-core/5.3.20/spring-core-5.3.20.jar:/Users/k0j09cl/.m2/repository/org/springframework/spring-jcl/5.3.20/spring-jcl-5.3.20.jar:/Users/k0j09cl/.m2/repository/org/springframework/spring-test/5.3.20/spring-test-5.3.20.jar:/Users/k0j09cl/.m2/repository/org/xmlunit/xmlunit-core/2.9.0/xmlunit-core-2.9.0.jar:/Users/k0j09cl/.m2/repository/junit/junit/4.13.2/junit-4.13.2.jar:/Users/k0j09cl/.m2/repository/org/hamcrest/hamcrest-core/2.2/hamcrest-core-2.2.jar:/Users/k0j09cl/.m2/repository/org/testng/testng/7.8.0/testng-7.8.0.jar:/Users/k0j09cl/.m2/repository/org/slf4j/slf4j-api/1.7.36/slf4j-api-1.7.36.jar:/Users/k0j09cl/.m2/repository/com/beust/jcommander/1.82/jcommander-1.82.jar:/Users/k0j09cl/.m2/repository/org/webjars/jquery/3.6.1/jquery-3.6.1.jar:/Users/k0j09cl/.m2/repository/com/h2database/h2/1.4.200/h2-1.4.200.jar:"/>
    <property name="java.vm.vendor" value="Azul Systems, Inc."/>
    <property name="sun.arch.data.model" value="64"/>
    <property name="java.vendor.url" value="http://www.azul.com/"/>
    <property name="user.timezone" value=""/>
    <property name="java.vm.specification.version" value="11"/>
    <property name="os.name" value="Mac OS X"/>
    <property name="sun.java.launcher" value="SUN_STANDARD"/>
    <property name="user.country" value="IN"/>
    <property name="sun.boot.library.path" value="/Library/Java/JavaVirtualMachines/zulu-11.jdk/Contents/Home/lib"/>
    <property name="sun.java.command" value="/Users/k0j09cl/Desktop/CommentSystem/target/surefire/surefirebooter8951147327392256832.jar /Users/k0j09cl/Desktop/CommentSystem/target/surefire 2024-05-26T16-37-10_958-jvmRun1 surefire6062525812918880214tmp surefire_05950573485962628653tmp"/>
    <property name="jdk.debug" value="release"/>
    <property name="surefire.test.class.path" value="/Users/k0j09cl/Desktop/CommentSystem/target/test-classes:/Users/k0j09cl/Desktop/CommentSystem/target/classes:/Users/k0j09cl/.m2/repository/org/springframework/boot/spring-boot-starter-web/2.7.0/spring-boot-starter-web-2.7.0.jar:/Users/k0j09cl/.m2/repository/org/springframework/boot/spring-boot-starter/2.7.0/spring-boot-starter-2.7.0.jar:/Users/k0j09cl/.m2/repository/org/springframework/boot/spring-boot-starter-logging/2.7.0/spring-boot-starter-logging-2.7.0.jar:/Users/k0j09cl/.m2/repository/ch/qos/logback/logback-classic/1.2.11/logback-classic-1.2.11.jar:/Users/k0j09cl/.m2/repository/ch/qos/logback/logback-core/1.2.11/logback-core-1.2.11.jar:/Users/k0j09cl/.m2/repository/org/apache/logging/log4j/log4j-to-slf4j/2.17.2/log4j-to-slf4j-2.17.2.jar:/Users/k0j09cl/.m2/repository/org/apache/logging/log4j/log4j-api/2.17.2/log4j-api-2.17.2.jar:/Users/k0j09cl/.m2/repository/org/slf4j/jul-to-slf4j/1.7.36/jul-to-slf4j-1.7.36.jar:/Users/k0j09cl/.m2/repository/jakarta/annotation/jakarta.annotation-api/1.3.5/jakarta.annotation-api-1.3.5.jar:/Users/k0j09cl/.m2/repository/org/yaml/snakeyaml/1.30/snakeyaml-1.30.jar:/Users/k0j09cl/.m2/repository/org/springframework/boot/spring-boot-starter-json/2.7.0/spring-boot-starter-json-2.7.0.jar:/Users/k0j09cl/.m2/repository/com/fasterxml/jackson/core/jackson-databind/2.13.3/jackson-databind-2.13.3.jar:/Users/k0j09cl/.m2/repository/com/fasterxml/jackson/core/jackson-annotations/2.13.3/jackson-annotations-2.13.3.jar:/Users/k0j09cl/.m2/repository/com/fasterxml/jackson/core/jackson-core/2.13.3/jackson-core-2.13.3.jar:/Users/k0j09cl/.m2/repository/com/fasterxml/jackson/datatype/jackson-datatype-jdk8/2.13.3/jackson-datatype-jdk8-2.13.3.jar:/Users/k0j09cl/.m2/repository/com/fasterxml/jackson/datatype/jackson-datatype-jsr310/2.13.3/jackson-datatype-jsr310-2.13.3.jar:/Users/k0j09cl/.m2/repository/com/fasterxml/jackson/module/jackson-module-parameter-names/2.13.3/jackson-module-parameter-names-2.13.3.jar:/Users/k0j09cl/.m2/repository/org/springframework/boot/spring-boot-starter-tomcat/2.7.0/spring-boot-starter-tomcat-2.7.0.jar:/Users/k0j09cl/.m2/repository/org/apache/tomcat/embed/tomcat-embed-core/9.0.63/tomcat-embed-core-9.0.63.jar:/Users/k0j09cl/.m2/repository/org/apache/tomcat/embed/tomcat-embed-el/9.0.63/tomcat-embed-el-9.0.63.jar:/Users/k0j09cl/.m2/repository/org/apache/tomcat/embed/tomcat-embed-websocket/9.0.63/tomcat-embed-websocket-9.0.63.jar:/Users/k0j09cl/.m2/repository/org/springframework/spring-web/5.3.20/spring-web-5.3.20.jar:/Users/k0j09cl/.m2/repository/org/springframework/spring-beans/5.3.20/spring-beans-5.3.20.jar:/Users/k0j09cl/.m2/repository/org/springframework/spring-webmvc/5.3.20/spring-webmvc-5.3.20.jar:/Users/k0j09cl/.m2/repository/org/springframework/spring-aop/5.3.20/spring-aop-5.3.20.jar:/Users/k0j09cl/.m2/repository/org/springframework/spring-context/5.3.20/spring-context-5.3.20.jar:/Users/k0j09cl/.m2/repository/org/springframework/spring-expression/5.3.20/spring-expression-5.3.20.jar:/Users/k0j09cl/.m2/repository/org/springframework/boot/spring-boot-starter-data-mongodb/2.7.0/spring-boot-starter-data-mongodb-2.7.0.jar:/Users/k0j09cl/.m2/repository/org/mongodb/mongodb-driver-sync/4.6.0/mongodb-driver-sync-4.6.0.jar:/Users/k0j09cl/.m2/repository/org/mongodb/bson/4.6.0/bson-4.6.0.jar:/Users/k0j09cl/.m2/repository/org/mongodb/mongodb-driver-core/4.6.0/mongodb-driver-core-4.6.0.jar:/Users/k0j09cl/.m2/repository/org/mongodb/bson-record-codec/4.6.0/bson-record-codec-4.6.0.jar:/Users/k0j09cl/.m2/repository/org/springframework/data/spring-data-mongodb/3.4.0/spring-data-mongodb-3.4.0.jar:/Users/k0j09cl/.m2/repository/org/springframework/spring-tx/5.3.20/spring-tx-5.3.20.jar:/Users/k0j09cl/.m2/repository/org/springframework/data/spring-data-commons/2.7.0/spring-data-commons-2.7.0.jar:/Users/k0j09cl/.m2/repository/org/springframework/boot/spring-boot-starter-data-jpa/2.7.0/spring-boot-starter-data-jpa-2.7.0.jar:/Users/k0j09cl/.m2/repository/org/springframework/boot/spring-boot-starter-aop/2.7.0/spring-boot-starter-aop-2.7.0.jar:/Users/k0j09cl/.m2/repository/org/aspectj/aspectjweaver/1.9.7/aspectjweaver-1.9.7.jar:/Users/k0j09cl/.m2/repository/org/springframework/boot/spring-boot-starter-jdbc/2.7.0/spring-boot-starter-jdbc-2.7.0.jar:/Users/k0j09cl/.m2/repository/com/zaxxer/HikariCP/4.0.3/HikariCP-4.0.3.jar:/Users/k0j09cl/.m2/repository/org/springframework/spring-jdbc/5.3.20/spring-jdbc-5.3.20.jar:/Users/k0j09cl/.m2/repository/jakarta/transaction/jakarta.transaction-api/1.3.3/jakarta.transaction-api-1.3.3.jar:/Users/k0j09cl/.m2/repository/jakarta/persistence/jakarta.persistence-api/2.2.3/jakarta.persistence-api-2.2.3.jar:/Users/k0j09cl/.m2/repository/org/hibernate/hibernate-core/5.6.9.Final/hibernate-core-5.6.9.Final.jar:/Users/k0j09cl/.m2/repository/org/jboss/logging/jboss-logging/3.4.3.Final/jboss-logging-3.4.3.Final.jar:/Users/k0j09cl/.m2/repository/net/bytebuddy/byte-buddy/1.12.10/byte-buddy-1.12.10.jar:/Users/k0j09cl/.m2/repository/antlr/antlr/2.7.7/antlr-2.7.7.jar:/Users/k0j09cl/.m2/repository/org/jboss/jandex/2.4.2.Final/jandex-2.4.2.Final.jar:/Users/k0j09cl/.m2/repository/com/fasterxml/classmate/1.5.1/classmate-1.5.1.jar:/Users/k0j09cl/.m2/repository/org/hibernate/common/hibernate-commons-annotations/5.1.2.Final/hibernate-commons-annotations-5.1.2.Final.jar:/Users/k0j09cl/.m2/repository/org/glassfish/jaxb/jaxb-runtime/2.3.6/jaxb-runtime-2.3.6.jar:/Users/k0j09cl/.m2/repository/org/glassfish/jaxb/txw2/2.3.6/txw2-2.3.6.jar:/Users/k0j09cl/.m2/repository/com/sun/istack/istack-commons-runtime/3.0.12/istack-commons-runtime-3.0.12.jar:/Users/k0j09cl/.m2/repository/com/sun/activation/jakarta.activation/1.2.2/jakarta.activation-1.2.2.jar:/Users/k0j09cl/.m2/repository/org/springframework/data/spring-data-jpa/2.7.0/spring-data-jpa-2.7.0.jar:/Users/k0j09cl/.m2/repository/org/springframework/spring-orm/5.3.20/spring-orm-5.3.20.jar:/Users/k0j09cl/.m2/repository/org/springframework/spring-aspects/5.3.20/spring-aspects-5.3.20.jar:/Users/k0j09cl/.m2/repository/org/projectlombok/lombok/1.18.4/lombok-1.18.4.jar:/Users/k0j09cl/.m2/repository/org/springframework/boot/spring-boot-devtools/2.7.0/spring-boot-devtools-2.7.0.jar:/Users/k0j09cl/.m2/repository/org/springframework/boot/spring-boot/2.7.0/spring-boot-2.7.0.jar:/Users/k0j09cl/.m2/repository/org/springframework/boot/spring-boot-autoconfigure/2.7.0/spring-boot-autoconfigure-2.7.0.jar:/Users/k0j09cl/.m2/repository/org/springframework/boot/spring-boot-starter-test/2.7.0/spring-boot-starter-test-2.7.0.jar:/Users/k0j09cl/.m2/repository/org/springframework/boot/spring-boot-test/2.7.0/spring-boot-test-2.7.0.jar:/Users/k0j09cl/.m2/repository/org/springframework/boot/spring-boot-test-autoconfigure/2.7.0/spring-boot-test-autoconfigure-2.7.0.jar:/Users/k0j09cl/.m2/repository/com/jayway/jsonpath/json-path/2.7.0/json-path-2.7.0.jar:/Users/k0j09cl/.m2/repository/net/minidev/json-smart/2.4.8/json-smart-2.4.8.jar:/Users/k0j09cl/.m2/repository/net/minidev/accessors-smart/2.4.8/accessors-smart-2.4.8.jar:/Users/k0j09cl/.m2/repository/org/ow2/asm/asm/9.1/asm-9.1.jar:/Users/k0j09cl/.m2/repository/jakarta/xml/bind/jakarta.xml.bind-api/2.3.3/jakarta.xml.bind-api-2.3.3.jar:/Users/k0j09cl/.m2/repository/jakarta/activation/jakarta.activation-api/1.2.2/jakarta.activation-api-1.2.2.jar:/Users/k0j09cl/.m2/repository/org/assertj/assertj-core/3.22.0/assertj-core-3.22.0.jar:/Users/k0j09cl/.m2/repository/org/hamcrest/hamcrest/2.2/hamcrest-2.2.jar:/Users/k0j09cl/.m2/repository/org/junit/jupiter/junit-jupiter/5.8.2/junit-jupiter-5.8.2.jar:/Users/k0j09cl/.m2/repository/org/junit/jupiter/junit-jupiter-api/5.8.2/junit-jupiter-api-5.8.2.jar:/Users/k0j09cl/.m2/repository/org/opentest4j/opentest4j/1.2.0/opentest4j-1.2.0.jar:/Users/k0j09cl/.m2/repository/org/junit/platform/junit-platform-commons/1.8.2/junit-platform-commons-1.8.2.jar:/Users/k0j09cl/.m2/repository/org/apiguardian/apiguardian-api/1.1.2/apiguardian-api-1.1.2.jar:/Users/k0j09cl/.m2/repository/org/junit/jupiter/junit-jupiter-params/5.8.2/junit-jupiter-params-5.8.2.jar:/Users/k0j09cl/.m2/repository/org/junit/jupiter/junit-jupiter-engine/5.8.2/junit-jupiter-engine-5.8.2.jar:/Users/k0j09cl/.m2/repository/org/junit/platform/junit-platform-engine/1.8.2/junit-platform-engine-1.8.2.jar:/Users/k0j09cl/.m2/repository/org/mockito/mockito-core/4.5.1/mockito-core-4.5.1.jar:/Users/k0j09cl/.m2/repository/net/bytebuddy/byte-buddy-agent/1.12.10/byte-buddy-agent-1.12.10.jar:/Users/k0j09cl/.m2/repository/org/objenesis/objenesis/3.2/objenesis-3.2.jar:/Users/k0j09cl/.m2/repository/org/mockito/mockito-junit-jupiter/4.5.1/mockito-junit-jupiter-4.5.1.jar:/Users/k0j09cl/.m2/repository/org/skyscreamer/jsonassert/1.5.0/jsonassert-1.5.0.jar:/Users/k0j09cl/.m2/repository/com/vaadin/external/google/android-json/0.0.20131108.vaadin1/android-json-0.0.20131108.vaadin1.jar:/Users/k0j09cl/.m2/repository/org/springframework/spring-core/5.3.20/spring-core-5.3.20.jar:/Users/k0j09cl/.m2/repository/org/springframework/spring-jcl/5.3.20/spring-jcl-5.3.20.jar:/Users/k0j09cl/.m2/repository/org/springframework/spring-test/5.3.20/spring-test-5.3.20.jar:/Users/k0j09cl/.m2/repository/org/xmlunit/xmlunit-core/2.9.0/xmlunit-core-2.9.0.jar:/Users/k0j09cl/.m2/repository/junit/junit/4.13.2/junit-4.13.2.jar:/Users/k0j09cl/.m2/repository/org/hamcrest/hamcrest-core/2.2/hamcrest-core-2.2.jar:/Users/k0j09cl/.m2/repository/org/testng/testng/7.8.0/testng-7.8.0.jar:/Users/k0j09cl/.m2/repository/org/slf4j/slf4j-api/1.7.36/slf4j-api-1.7.36.jar:/Users/k0j09cl/.m2/repository/com/beust/jcommander/1.82/jcommander-1.82.jar:/Users/k0j09cl/.m2/repository/org/webjars/jquery/3.6.1/jquery-3.6.1.jar:/Users/k0j09cl/.m2/repository/com/h2database/h2/1.4.200/h2-1.4.200.jar:"/>
    <property name="sun.cpu.endian" value="little"/>
    <property name="user.home" value="/Users/k0j09cl"/>
    <property name="user.language" value="en"/>
    <property name="java.specification.vendor" value="Oracle Corporation"/>
    <property name="java.version.date" value="2023-01-17"/>
    <property name="java.home" value="/Library/Java/JavaVirtualMachines/zulu-11.jdk/Contents/Home"/>
    <property name="file.separator" value="/"/>
    <property name="basedir" value="/Users/k0j09cl/Desktop/CommentSystem"/>
    <property name="java.vm.compressedOopsMode" value="Zero based"/>
    <property name="line.separator" value="&#10;"/>
    <property name="java.specification.name" value="Java Platform API Specification"/>
    <property name="java.vm.specification.vendor" value="Oracle Corporation"/>
    <property name="jdk.vendor.version" value="Zulu11.62+17-CA"/>
    <property name="java.awt.graphicsenv" value="sun.awt.CGraphicsEnvironment"/>
    <property name="surefire.real.class.path" value="/Users/k0j09cl/Desktop/CommentSystem/target/surefire/surefirebooter8951147327392256832.jar"/>
    <property name="sun.management.compiler" value="HotSpot 64-Bit Tiered Compilers"/>
    <property name="java.runtime.version" value="11.0.18+10-LTS"/>
    <property name="user.name" value="k0j09cl"/>
    <property name="path.separator" value=":"/>
    <property name="os.version" value="14.4"/>
    <property name="java.runtime.name" value="OpenJDK Runtime Environment"/>
    <property name="file.encoding" value="US-ASCII"/>
    <property name="java.vm.name" value="OpenJDK 64-Bit Server VM"/>
    <property name="java.vendor.version" value="Zulu11.62+17-CA"/>
    <property name="localRepository" value="/Users/k0j09cl/.m2/repository"/>
    <property name="java.vendor.url.bug" value="http://www.azul.com/support/"/>
    <property name="java.io.tmpdir" value="/var/folders/cr/k2lvz6290lndftdrzbqhjt7m0000gp/T/"/>
    <property name="idea.version" value="2022.3.1"/>
    <property name="java.version" value="11.0.18"/>
    <property name="user.dir" value="/Users/k0j09cl/Desktop/CommentSystem"/>
    <property name="os.arch" value="x86_64"/>
    <property name="java.vm.specification.name" value="Java Virtual Machine Specification"/>
    <property name="java.awt.printerjob" value="sun.lwawt.macosx.CPrinterJob"/>
    <property name="sun.os.patch.level" value="unknown"/>
    <property name="java.library.path" value="/Users/k0j09cl/Library/Java/Extensions:/Library/Java/Extensions:/Network/Library/Java/Extensions:/System/Library/Java/Extensions:/usr/lib/java:."/>
    <property name="java.vm.info" value="mixed mode"/>
    <property name="java.vendor" value="Azul Systems, Inc."/>
    <property name="java.vm.version" value="11.0.18+10-LTS"/>
    <property name="sun.io.unicode.encoding" value="UnicodeBig"/>
    <property name="java.class.version" value="55.0"/>
  </properties>
  <testcase name="testGetUsersWhoLikedCommentWhenThereIsNoEntryInLikeDislike on testGetUsersWhoLikedCommentWhenThereIsNoEntryInLikeDislike(CommentServiceTest)" classname="CommentServiceTest" time="0.908"/>
  <testcase name="testLikeCommentNotFoundException on testLikeCommentNotFoundException(CommentServiceTest)" classname="CommentServiceTest" time="0.001"/>
  <testcase name="testGetUsersWhoDislikedCommentNotFoundException on testGetUsersWhoDislikedCommentNotFoundException(CommentServiceTest)" classname="CommentServiceTest" time="0.004"/>
  <testcase name="testGetUsersWhoLikedComment on testGetUsersWhoLikedComment(CommentServiceTest)" classname="CommentServiceTest" time="0.005"/>
  <testcase name="testDislikeComment on testDislikeComment(CommentServiceTest)" classname="CommentServiceTest" time="0.006"/>
  <testcase name="testGetCommentsException on testGetCommentsException(CommentServiceTest)" classname="CommentServiceTest" time="0.008"/>
  <testcase name="testGetUsersWhoLikedCommentException on testGetUsersWhoLikedCommentException(CommentServiceTest)" classname="CommentServiceTest" time="0.001"/>
  <testcase name="testLikeCommentException on testLikeCommentException(CommentServiceTest)" classname="CommentServiceTest" time="0.002"/>
  <testcase name="testDislikeCommentNotFoundException on testDislikeCommentNotFoundException(CommentServiceTest)" classname="CommentServiceTest" time="0.002"/>
  <testcase name="testGetUsersWhoLikedCommentNotException on testGetUsersWhoLikedCommentNotException(CommentServiceTest)" classname="CommentServiceTest" time="0.003"/>
  <testcase name="testGetUsersWhoDislikedCommentException on testGetUsersWhoDislikedCommentException(CommentServiceTest)" classname="CommentServiceTest" time="0.001"/>
  <testcase name="testGetRepliesException on testGetRepliesException(CommentServiceTest)" classname="CommentServiceTest" time="0.002"/>
  <testcase name="testUpdateCommentNotFound on testUpdateCommentNotFound(CommentServiceTest)" classname="CommentServiceTest" time="0.002"/>
  <testcase name="testAddCommentException on testAddCommentException(CommentServiceTest)" classname="CommentServiceTest" time="0.002"/>
  <testcase name="testDislikeCommentException on testDislikeCommentException(CommentServiceTest)" classname="CommentServiceTest" time="0.002"/>
  <testcase name="testGetComments on testGetComments(CommentServiceTest)" classname="CommentServiceTest" time="0.004"/>
  <testcase name="testUpdateComment on testUpdateComment(CommentServiceTest)" classname="CommentServiceTest" time="0.007"/>
  <testcase name="testGetUsersWhoDislikedComment on testGetUsersWhoDislikedComment(CommentServiceTest)" classname="CommentServiceTest" time="0.002"/>
  <testcase name="testGetReplies on testGetReplies(CommentServiceTest)" classname="CommentServiceTest" time="0.004"/>
  <testcase name="testLikeComment on testLikeComment(CommentServiceTest)" classname="CommentServiceTest" time="0.002"/>
  <testcase name="testAddComment on testAddComment(CommentServiceTest)" classname="CommentServiceTest" time="0.005"/>
  <testcase name="testGetUsersWhoLikedComment on testGetUsersWhoLikedComment(CommentControllerTest)" classname="CommentControllerTest" time="0.189"/>
  <testcase name="testDislikeComment on testDislikeComment(CommentControllerTest)" classname="CommentControllerTest" time="0.002"/>
  <testcase name="testUpdateComment_NotFound on testUpdateComment_NotFound(CommentControllerTest)" classname="CommentControllerTest" time="0.001"/>
  <testcase name="testGetComments on testGetComments(CommentControllerTest)" classname="CommentControllerTest" time="0.001"/>
  <testcase name="testUpdateComment on testUpdateComment(CommentControllerTest)" classname="CommentControllerTest" time="0.001"/>
  <testcase name="testGetUsersWhoDislikedComment on testGetUsersWhoDislikedComment(CommentControllerTest)" classname="CommentControllerTest" time="0.003"/>
  <testcase name="testGetReplies on testGetReplies(CommentControllerTest)" classname="CommentControllerTest" time="0.001"/>
  <testcase name="testLikeComment on testLikeComment(CommentControllerTest)" classname="CommentControllerTest" time="0"/>
  <testcase name="testAddComment on testAddComment(CommentControllerTest)" classname="CommentControllerTest" time="0.001"/>
</testsuite>