<?xml version="1.0" encoding="UTF-8"?>
<!-- Generated by org.testng.reporters.JUnitReportReporter -->
<testsuite hostname="m-wvwpxpwx1x" failures="0" tests="9" name="CommentControllerTest" time="1.759" errors="0" timestamp="2024-05-26T16:37:16 IST" skipped="0">
  <testcase classname="CommentControllerTest" name="testGetUsersWhoDislikedComment" time="0.197"/>
  <testcase classname="CommentControllerTest" name="testAddComment" time="0.201"/>
  <testcase classname="CommentControllerTest" name="testGetComments" time="0.194"/>
  <testcase classname="CommentControllerTest" name="testGetUsersWhoLikedComment" time="0.190"/>
  <testcase classname="CommentControllerTest" name="testLikeComment" time="0.199"/>
  <testcase classname="CommentControllerTest" name="testUpdateComment_NotFound" time="0.193"/>
  <testcase classname="CommentControllerTest" name="testUpdateComment" time="0.195"/>
  <testcase classname="CommentControllerTest" name="testGetReplies" time="0.198"/>
  <testcase classname="CommentControllerTest" name="testDislikeComment" time="0.192"/>
</testsuite> <!-- CommentControllerTest -->
