<?xml version="1.0" encoding="UTF-8"?>
<!-- Generated by org.testng.reporters.JUnitReportReporter -->
<testsuite hostname="m-wvwpxpwx1x" failures="0" tests="21" name="CommentServiceTest" time="33.285" errors="0" timestamp="2024-05-26T16:37:16 IST" skipped="0">
  <testcase classname="CommentServiceTest" name="testAddCommentException" time="1.592"/>
  <testcase classname="CommentServiceTest" name="testGetComments" time="1.597"/>
  <testcase classname="CommentServiceTest" name="testGetUsersWhoLikedCommentWhenThereIsNoEntryInLikeDislike" time="1.552"/>
  <testcase classname="CommentServiceTest" name="testGetReplies" time="1.609"/>
  <testcase classname="CommentServiceTest" name="testDislikeComment" time="1.569"/>
  <testcase classname="CommentServiceTest" name="testGetUsersWhoLikedComment" time="1.564"/>
  <testcase classname="CommentServiceTest" name="testGetUsersWhoDislikedCommentNotFoundException" time="1.558"/>
  <testcase classname="CommentServiceTest" name="testLikeCommentNotFoundException" time="1.555"/>
  <testcase classname="CommentServiceTest" name="testGetCommentsException" time="1.576"/>
  <testcase classname="CommentServiceTest" name="testGetUsersWhoDislikedCommentException" time="1.585"/>
  <testcase classname="CommentServiceTest" name="testDislikeCommentException" time="1.592"/>
  <testcase classname="CommentServiceTest" name="testGetUsersWhoDislikedComment" time="1.606"/>
  <testcase classname="CommentServiceTest" name="testAddComment" time="1.616"/>
  <testcase classname="CommentServiceTest" name="testDislikeCommentNotFoundException" time="1.582"/>
  <testcase classname="CommentServiceTest" name="testLikeCommentException" time="1.580"/>
  <testcase classname="CommentServiceTest" name="testGetRepliesException" time="1.586"/>
  <testcase classname="CommentServiceTest" name="testGetUsersWhoLikedCommentException" time="1.577"/>
  <testcase classname="CommentServiceTest" name="testUpdateComment" time="1.603"/>
  <testcase classname="CommentServiceTest" name="testUpdateCommentNotFound" time="1.589"/>
  <testcase classname="CommentServiceTest" name="testLikeComment" time="1.612"/>
  <testcase classname="CommentServiceTest" name="testGetUsersWhoLikedCommentNotException" time="1.585"/>
</testsuite> <!-- CommentServiceTest -->
